<?xml version="1.0" encoding="UTF-8"?>
<testng-results ignored="0" total="1" passed="1" failed="0" skipped="0">
  <reporter-output>
  </reporter-output>
  <suite started-at="2026-04-30T12:13:15 IST" name="Default suite" finished-at="2026-04-30T12:13:43 IST" duration-ms="27506">
    <groups>
    </groups>
    <test started-at="2026-04-30T12:13:15 IST" name="Default test" finished-at="2026-04-30T12:13:43 IST" duration-ms="27506">
      <class name="orangehrm.CreateEmployee">
        <test-method is-config="true" signature="launchTheBrowser()[pri:0, instance:orangehrm.CreateEmployee@40a4337a]" started-at="2026-04-30T12:13:16 IST" name="launchTheBrowser" finished-at="2026-04-30T12:13:27 IST" duration-ms="11165" status="PASS">
          <reporter-output>
          </reporter-output>
        </test-method> <!-- launchTheBrowser -->
        <test-method is-config="true" signature="login()[pri:0, instance:orangehrm.CreateEmployee@40a4337a]" started-at="2026-04-30T12:13:27 IST" name="login" finished-at="2026-04-30T12:13:29 IST" duration-ms="1329" status="PASS">
          <reporter-output>
          </reporter-output>
        </test-method> <!-- login -->
        <test-method signature="createEmployee()[pri:0, instance:orangehrm.CreateEmployee@40a4337a]" started-at="2026-04-30T12:13:29 IST" name="createEmployee" finished-at="2026-04-30T12:13:35 IST" duration-ms="6543" status="PASS">
          <reporter-output>
          </reporter-output>
        </test-method> <!-- createEmployee -->
        <test-method is-config="true" signature="logOut()[pri:0, instance:orangehrm.CreateEmployee@40a4337a]" started-at="2026-04-30T12:13:35 IST" name="logOut" finished-at="2026-04-30T12:13:39 IST" duration-ms="4214" status="PASS">
          <reporter-output>
          </reporter-output>
        </test-method> <!-- logOut -->
        <test-method is-config="true" signature="closingBrowser()[pri:0, instance:orangehrm.CreateEmployee@40a4337a]" started-at="2026-04-30T12:13:39 IST" name="closingBrowser" finished-at="2026-04-30T12:13:43 IST" duration-ms="3490" status="PASS">
          <reporter-output>
          </reporter-output>
        </test-method> <!-- closingBrowser -->
      </class> <!-- orangehrm.CreateEmployee -->
    </test> <!-- Default test -->
  </suite> <!-- Default suite -->
</testng-results>
